<?xml version="1.0" encoding="UTF-8"?>
<!-- Generated by org.testng.reporters.JUnitXMLReporter -->
<testsuite ignored="0" hostname="DESKTOP-3E7QA6C" failures="0" tests="2" name="kt" time="0.343" errors="0" timestamp="2022-10-11T22:14:20 EDT">
  <testcase classname="common.Utility" name="@BeforeClass Browser" time="-1.665540860114E9">
    <failure type="org.testng.TestNGException" message="
Method Browser requires 3 parameters but 2 were supplied in the BeforeClass annotation.">
      <![CDATA[org.testng.TestNGException: 
Method Browser requires 3 parameters but 2 were supplied in the BeforeClass annotation.
at java.base/java.util.ArrayList.forEach(ArrayList.java:1511)
at java.base/java.util.concurrent.FutureTask.run(FutureTask.java:264)
at java.base/java.util.concurrent.ThreadPoolExecutor.runWorker(ThreadPoolExecutor.java:1136)
at java.base/java.util.concurrent.ThreadPoolExecutor$Worker.run(ThreadPoolExecutor.java:635)
at java.base/java.lang.Thread.run(Thread.java:833)
... Removed 12 stack frames]]>
    </failure>
  </testcase> <!-- @BeforeClass Browser -->
  <testcase classname="common.Utility" name="@AfterClass afterClass" time="0.0">
    <skipped/>
  </testcase> <!-- @AfterClass afterClass -->
  <testcase classname="TestNG.Books_test" name="f" time="0.001">
    <skipped/>
  </testcase> <!-- f -->
  <testcase classname="TestNG.Books_test" name="SearchFieldVerification" time="0.001">
    <skipped/>
  </testcase> <!-- SearchFieldVerification -->
</testsuite> <!-- kt -->
